Processing with JSONPath
Reading file...
Done
Processing with JSONPath
Reading file...
Done
Processing with JSONPath
Reading file...
Done
Processing with JSONPath
Reading file...
Done
Processing with JSONPath
Reading file...
Done
Processing with JSONPath
Reading file...
Done
Processing with JSONPath
Reading from cache.. : CALENDAR.json
Done
Processing with JSONPath
Reading from cache.. : CALENDAR_DATES.json
Done
Processing with JSONPath
Reading file...

<--- Last few GCs --->

[19976:0x67d9b0]   363394 ms: Scavenge 1389.9 (1417.7) -> 1389.0 (1418.2) MB, 5.1 / 0.0 ms  (average mu = 0.149, current mu = 0.096) allocation failure 
[19976:0x67d9b0]   363413 ms: Scavenge 1389.9 (1418.2) -> 1389.0 (1418.7) MB, 3.9 / 0.0 ms  (average mu = 0.149, current mu = 0.096) allocation failure 
[19976:0x67d9b0]   363430 ms: Scavenge 1390.0 (1418.7) -> 1389.0 (1419.2) MB, 3.9 / 0.0 ms  (average mu = 0.149, current mu = 0.096) allocation failure 


<--- JS stacktrace --->

==== JS stack trace =========================================

    0: ExitFrame [pc: 0x9253f25452b]
    1: StubFrame [pc: 0x9253f1a25d4]
Security context: 0x2554e972ee11 <JSObject>
    2: calculateTemplate [0x3b19b2022c1] [/home/fborrero/node_modules/rocketrml/src/input-parser/parser.js:~391] [pc=0x9253f31a787](this=0x00bab6a884f1 <JSGlobal Object>,Parser=0x0d8821b02201 <JsonParser map = 0x11c8e91db179>,index=1734362,template=0x2821a6809d01 <String[80]: http://transport.linkeddata.es/madrid/metro/sha...

FATAL ERROR: Ineffective mark-compacts near heap limit Allocation failed - JavaScript heap out of memory
 1: 0x7fe7855c146c node::Abort() [/lib/x86_64-linux-gnu/libnode.so.64]
 2: 0x7fe7855c14b5  [/lib/x86_64-linux-gnu/libnode.so.64]
 3: 0x7fe7857ede6a v8::Utils::ReportOOMFailure(v8::internal::Isolate*, char const*, bool) [/lib/x86_64-linux-gnu/libnode.so.64]
 4: 0x7fe7857ee0e1 v8::internal::V8::FatalProcessOutOfMemory(v8::internal::Isolate*, char const*, bool) [/lib/x86_64-linux-gnu/libnode.so.64]
 5: 0x7fe785b88c66  [/lib/x86_64-linux-gnu/libnode.so.64]
 6: 0x7fe785b9a043 v8::internal::Heap::PerformGarbageCollection(v8::internal::GarbageCollector, v8::GCCallbackFlags) [/lib/x86_64-linux-gnu/libnode.so.64]
 7: 0x7fe785b9a930 v8::internal::Heap::CollectGarbage(v8::internal::AllocationSpace, v8::internal::GarbageCollectionReason, v8::GCCallbackFlags) [/lib/x86_64-linux-gnu/libnode.so.64]
 8: 0x7fe785b9c91d v8::internal::Heap::AllocateRawWithLigthRetry(int, v8::internal::AllocationSpace, v8::internal::AllocationAlignment) [/lib/x86_64-linux-gnu/libnode.so.64]
 9: 0x7fe785b9c975 v8::internal::Heap::AllocateRawWithRetryOrFail(int, v8::internal::AllocationSpace, v8::internal::AllocationAlignment) [/lib/x86_64-linux-gnu/libnode.so.64]
10: 0x7fe785b68dda v8::internal::Factory::NewFillerObject(int, bool, v8::internal::AllocationSpace) [/lib/x86_64-linux-gnu/libnode.so.64]
11: 0x7fe785df431e v8::internal::Runtime_AllocateInNewSpace(int, v8::internal::Object**, v8::internal::Isolate*) [/lib/x86_64-linux-gnu/libnode.so.64]
12: 0x9253f25452b 
Aborted (core dumped)
Processing with XPath
Reading file...
Creating DOM...
DOM created!
Done
Processing with XPath
Reading file...
Creating DOM...
DOM created!
Done
Processing with XPath
Reading file...
Creating DOM...
DOM created!
Done
Processing with XPath
Reading file...
Creating DOM...
DOM created!
Done
Processing with XPath
Reading file...
Creating DOM...
DOM created!
Done
Processing with XPath
Reading file...
Creating DOM...
DOM created!
Done
Processing with XPath
Reading from cache.. : CALENDAR.xml
Done
Processing with XPath
Reading from cache.. : CALENDAR_DATES.xml
Done
Processing with XPath
Reading file...
Creating DOM...
DOM created!
{ Error: ENOENT: no such file or directory, open './mapping_custom'
    at Object.openSync (fs.js:443:3)
    at Object.readFileSync (fs.js:343:35)
    at Object.parseFile (/home/fborrero/node_modules/rocketrml/src/index.js:13:23)
    at doMapping (/home/fborrero/Evaluacion/5/index_case32.js:10:32)
    at Object.<anonymous> (/home/fborrero/Evaluacion/5/index_case32.js:14:1)
    at Module._compile (internal/modules/cjs/loader.js:778:30)
    at Object.Module._extensions..js (internal/modules/cjs/loader.js:789:10)
    at Module.load (internal/modules/cjs/loader.js:653:32)
    at tryModuleLoad (internal/modules/cjs/loader.js:593:12)
    at Function.Module._load (internal/modules/cjs/loader.js:585:3)
  errno: -2,
  syscall: 'open',
  code: 'ENOENT',
  path: './mapping_custom' }
undefined
Processing with JSONPath
Reading file...
Done
Processing with XPath
Reading file...
Creating DOM...
DOM created!
Done
Processing with CSV
Reading file...
Done
Processing with JSONPath
Reading file...
Done
Processing with XPath
Reading file...
Creating DOM...
DOM created!
Done
Processing with CSV
Reading file...
Done
Processing with CSV
Reading from cache.. : CALENDAR.csv
Done
Processing with XPath
Reading from cache.. : CALENDAR_DATES.xml
Done
Processing with JSONPath
Reading file...

<--- Last few GCs --->

[20426:0x1d459b0]   375837 ms: Scavenge 1333.6 (1417.6) -> 1332.7 (1418.1) MB, 4.7 / 0.0 ms  (average mu = 0.336, current mu = 0.341) allocation failure 
[20426:0x1d459b0]   375847 ms: Scavenge 1333.7 (1418.1) -> 1332.7 (1418.6) MB, 3.8 / 0.0 ms  (average mu = 0.336, current mu = 0.341) allocation failure 
[20426:0x1d459b0]   375860 ms: Scavenge 1333.7 (1418.6) -> 1332.7 (1419.1) MB, 4.4 / 0.0 ms  (average mu = 0.336, current mu = 0.341) allocation failure 


<--- JS stacktrace --->

==== JS stack trace =========================================

    0: ExitFrame [pc: 0x25b8be1d452b]
Security context: 0x0d9ae672ee11 <JSObject>
    1: calculateTemplate [0x3b762a3755a9] [/home/fborrero/node_modules/rocketrml/src/input-parser/parser.js:~391] [pc=0x25b8be697f53](this=0x0fee4cb884f1 <JSGlobal Object>,Parser=0x10b8acc82201 <JsonParser map = 0x6fbd3b2c789>,index=1543594,template=0x2a4fa34026f1 <String[80]: http://transport.linkeddata.es/madrid/metro/shape/{shape_id}-{shape_pt_sequence}>,...

FATAL ERROR: Ineffective mark-compacts near heap limit Allocation failed - JavaScript heap out of memory
 1: 0x7f2f07f6846c node::Abort() [/lib/x86_64-linux-gnu/libnode.so.64]
 2: 0x7f2f07f684b5  [/lib/x86_64-linux-gnu/libnode.so.64]
 3: 0x7f2f08194e6a v8::Utils::ReportOOMFailure(v8::internal::Isolate*, char const*, bool) [/lib/x86_64-linux-gnu/libnode.so.64]
 4: 0x7f2f081950e1 v8::internal::V8::FatalProcessOutOfMemory(v8::internal::Isolate*, char const*, bool) [/lib/x86_64-linux-gnu/libnode.so.64]
 5: 0x7f2f0852fc66  [/lib/x86_64-linux-gnu/libnode.so.64]
 6: 0x7f2f08541043 v8::internal::Heap::PerformGarbageCollection(v8::internal::GarbageCollector, v8::GCCallbackFlags) [/lib/x86_64-linux-gnu/libnode.so.64]
 7: 0x7f2f08541930 v8::internal::Heap::CollectGarbage(v8::internal::AllocationSpace, v8::internal::GarbageCollectionReason, v8::GCCallbackFlags) [/lib/x86_64-linux-gnu/libnode.so.64]
 8: 0x7f2f0854391d v8::internal::Heap::AllocateRawWithLigthRetry(int, v8::internal::AllocationSpace, v8::internal::AllocationAlignment) [/lib/x86_64-linux-gnu/libnode.so.64]
 9: 0x7f2f08543975 v8::internal::Heap::AllocateRawWithRetryOrFail(int, v8::internal::AllocationSpace, v8::internal::AllocationAlignment) [/lib/x86_64-linux-gnu/libnode.so.64]
10: 0x7f2f0850fdda v8::internal::Factory::NewFillerObject(int, bool, v8::internal::AllocationSpace) [/lib/x86_64-linux-gnu/libnode.so.64]
11: 0x7f2f0879b31e v8::internal::Runtime_AllocateInNewSpace(int, v8::internal::Object**, v8::internal::Isolate*) [/lib/x86_64-linux-gnu/libnode.so.64]
12: 0x25b8be1d452b 
Aborted (core dumped)

<--- Last few GCs --->

[20043:0x20849b0] 19455596 ms: Scavenge 1365.4 (1423.5) -> 1361.5 (1424.5) MB, 3.9 / 0.0 ms  (average mu = 0.384, current mu = 0.399) allocation failure 
[20043:0x20849b0] 19455613 ms: Scavenge 1365.4 (1424.5) -> 1361.5 (1425.5) MB, 2.8 / 0.0 ms  (average mu = 0.384, current mu = 0.399) allocation failure 
[20043:0x20849b0] 19455629 ms: Scavenge 1365.4 (1425.5) -> 1361.5 (1426.5) MB, 2.4 / 0.0 ms  (average mu = 0.384, current mu = 0.399) allocation failure 


<--- JS stacktrace --->

==== JS stack trace =========================================

    0: ExitFrame [pc: 0x2cec64d452b]
    1: StubFrame [pc: 0x2cec6437faf]
Security context: 0x11f39a52ee11 <JSObject>
    2: slice [0x11f39a531a81](this=0x2e68b4b84261 <JSArray[2]>,1)
    3: /* anonymous */ [0x399e8e6900a9] [/home/fborrero/node_modules/xpath/xpath.js:~1809] [pc=0x2cec6a6eb9e](this=0x192a48403939 <JSFunction PathExpr (sfi = 0x25eaea542f89)>,step=0x2e68b4b83b51 <Step map = 0x1bccba7a49b9>,xpc=0x2e68b4b83d21 <XPathContext ma...

FATAL ERROR: Ineffective mark-compacts near heap limit Allocation failed - JavaScript heap out of memory
 1: 0x7f5dbc56146c node::Abort() [/lib/x86_64-linux-gnu/libnode.so.64]
 2: 0x7f5dbc5614b5  [/lib/x86_64-linux-gnu/libnode.so.64]
 3: 0x7f5dbc78de6a v8::Utils::ReportOOMFailure(v8::internal::Isolate*, char const*, bool) [/lib/x86_64-linux-gnu/libnode.so.64]
 4: 0x7f5dbc78e0e1 v8::internal::V8::FatalProcessOutOfMemory(v8::internal::Isolate*, char const*, bool) [/lib/x86_64-linux-gnu/libnode.so.64]
 5: 0x7f5dbcb28c66  [/lib/x86_64-linux-gnu/libnode.so.64]
 6: 0x7f5dbcb3a043 v8::internal::Heap::PerformGarbageCollection(v8::internal::GarbageCollector, v8::GCCallbackFlags) [/lib/x86_64-linux-gnu/libnode.so.64]
 7: 0x7f5dbcb3a930 v8::internal::Heap::CollectGarbage(v8::internal::AllocationSpace, v8::internal::GarbageCollectionReason, v8::GCCallbackFlags) [/lib/x86_64-linux-gnu/libnode.so.64]
 8: 0x7f5dbcb3c91d v8::internal::Heap::AllocateRawWithLigthRetry(int, v8::internal::AllocationSpace, v8::internal::AllocationAlignment) [/lib/x86_64-linux-gnu/libnode.so.64]
 9: 0x7f5dbcb3c975 v8::internal::Heap::AllocateRawWithRetryOrFail(int, v8::internal::AllocationSpace, v8::internal::AllocationAlignment) [/lib/x86_64-linux-gnu/libnode.so.64]
10: 0x7f5dbcb08dda v8::internal::Factory::NewFillerObject(int, bool, v8::internal::AllocationSpace) [/lib/x86_64-linux-gnu/libnode.so.64]
11: 0x7f5dbcd9431e v8::internal::Runtime_AllocateInNewSpace(int, v8::internal::Object**, v8::internal::Isolate*) [/lib/x86_64-linux-gnu/libnode.so.64]
12: 0x2cec64d452b 
Aborted (core dumped)
