Processing with JSONPath
Reading file...
Done
Processing with XPath
Reading file...
Creating DOM...
DOM created!
Done
Processing with CSV
Reading file...
Done
Processing with JSONPath
Reading file...
Done
Processing with XPath
Reading file...
Creating DOM...
DOM created!
Done
Processing with CSV
Reading file...
Done
Processing with CSV
Reading from cache.. : CALENDAR.csv
Done
Processing with XPath
Reading from cache.. : CALENDAR_DATES.xml
Done
Processing with JSONPath
Reading file...
Done
Processing with XPath
Reading file...
Creating DOM...
DOM created!
Done
Processing with CSV
Reading file...
Done
Processing with JSONPath
Reading file...
Done
Perform joins..
joinConditions child must return only one value! Child: 
joinConditions child must return only one value! Child: 
joinConditions child must return only one value! Child: 
joinConditions child must return only one value! Child: 
joinConditions child must return only one value! Child: 
joinConditions child must return only one value! Child: 
joinConditions child must return only one value! Child: 
joinConditions child must return only one value! Child: 
joinConditions child must return only one value! Child: 
joinConditions child must return only one value! Child: 
joinConditions child must return only one value! Child: 
joinConditions child must return only one value! Child: 
joinConditions child must return only one value! Child: 
joinConditions child must return only one value! Child: 
joinConditions child must return only one value! Child: 
joinConditions child must return only one value! Child: 
joinConditions child must return only one value! Child: 
joinConditions child must return only one value! Child: 
joinConditions child must return only one value! Child: 
joinConditions child must return only one value! Child: 
joinConditions child must return only one value! Child: 
joinConditions child must return only one value! Child: 
joinConditions child must return only one value! Child: 
joinConditions child must return only one value! Child: 
joinConditions child must return only one value! Child: 
joinConditions child must return only one value! Child: 
joinConditions child must return only one value! Child: 
joinConditions child must return only one value! Child: 
joinConditions child must return only one value! Child: 
joinConditions child must return only one value! Child: 
joinConditions child must return only one value! Child: 
joinConditions child must return only one value! Child: 
joinConditions child must return only one value! Child: 
joinConditions child must return only one value! Child: 
joinConditions child must return only one value! Child: 
joinConditions child must return only one value! Child: 
joinConditions child must return only one value! Child: 
joinConditions child must return only one value! Child: 
joinConditions child must return only one value! Child: 
joinConditions child must return only one value! Child: 
joinConditions child must return only one value! Child: 
joinConditions child must return only one value! Child: 
joinConditions child must return only one value! Child: 
joinConditions child must return only one value! Child: 
joinConditions child must return only one value! Child: 
joinConditions child must return only one value! Child: 
joinConditions child must return only one value! Child: 
joinConditions child must return only one value! Child: 
joinConditions child must return only one value! Child: 
joinConditions child must return only one value! Child: 
joinConditions child must return only one value! Child: 
joinConditions child must return only one value! Child: 
joinConditions child must return only one value! Child: 
joinConditions child must return only one value! Child: 
joinConditions child must return only one value! Child: 
joinConditions child must return only one value! Child: 
joinConditions child must return only one value! Child: 
joinConditions child must return only one value! Child: 
joinConditions child must return only one value! Child: 
joinConditions child must return only one value! Child: 
joinConditions child must return only one value! Child: 
joinConditions child must return only one value! Child: 
joinConditions child must return only one value! Child: 
joinConditions child must return only one value! Child: 
joinConditions child must return only one value! Child: 
joinConditions child must return only one value! Child: 
joinConditions child must return only one value! Child: 
joinConditions child must return only one value! Child: 
joinConditions child must return only one value! Child: 
joinConditions child must return only one value! Child: 
joinConditions child must return only one value! Child: 
joinConditions child must return only one value! Child: 
joinConditions child must return only one value! Child: 
joinConditions child must return only one value! Child: 
joinConditions child must return only one value! Child: 
joinConditions child must return only one value! Child: 
joinConditions child must return only one value! Child: 
joinConditions child must return only one value! Child: 
joinConditions child must return only one value! Child: 
joinConditions child must return only one value! Child: 
joinConditions child must return only one value! Child: 
joinConditions child must return only one value! Child: 
joinConditions child must return only one value! Child: 
joinConditions child must return only one value! Child: 
joinConditions child must return only one value! Child: 
joinConditions child must return only one value! Child: 
joinConditions child must return only one value! Child: 
joinConditions child must return only one value! Child: 
joinConditions child must return only one value! Child: 
joinConditions child must return only one value! Child: 
joinConditions child must return only one value! Child: 
joinConditions child must return only one value! Child: 
joinConditions child must return only one value! Child: 
joinConditions child must return only one value! Child: 
joinConditions child must return only one value! Child: 
joinConditions child must return only one value! Child: 
joinConditions child must return only one value! Child: 
joinConditions child must return only one value! Child: 
joinConditions child must return only one value! Child: 
joinConditions child must return only one value! Child: 
joinConditions child must return only one value! Child: 
joinConditions child must return only one value! Child: 
joinConditions child must return only one value! Child: 
joinConditions child must return only one value! Child: 
joinConditions child must return only one value! Child: 
joinConditions child must return only one value! Child: 
joinConditions child must return only one value! Child: 
joinConditions child must return only one value! Child: 
joinConditions child must return only one value! Child: 
joinConditions child must return only one value! Child: 
joinConditions child must return only one value! Child: 
joinConditions child must return only one value! Child: 
joinConditions child must return only one value! Child: 
joinConditions child must return only one value! Child: 
joinConditions child must return only one value! Child: 
joinConditions child must return only one value! Child: 
joinConditions child must return only one value! Child: 
joinConditions child must return only one value! Child: 
joinConditions child must return only one value! Child: 
joinConditions child must return only one value! Child: 
joinConditions child must return only one value! Child: 
joinConditions child must return only one value! Child: 
joinConditions child must return only one value! Child: 
joinConditions child must return only one value! Child: 
joinConditions child must return only one value! Child: 
joinConditions child must return only one value! Child: 
joinConditions child must return only one value! Child: 
joinConditions child must return only one value! Child: 
joinConditions child must return only one value! Child: 
joinConditions child must return only one value! Child: 
joinConditions child must return only one value! Child: 
joinConditions child must return only one value! Child: 
joinConditions child must return only one value! Child: 
joinConditions child must return only one value! Child: 
joinConditions child must return only one value! Child: 
joinConditions child must return only one value! Child: 
joinConditions child must return only one value! Child: 
joinConditions child must return only one value! Child: 
joinConditions child must return only one value! Child: 
joinConditions child must return only one value! Child: 
joinConditions child must return only one value! Child: 
joinConditions child must return only one value! Child: 
joinConditions child must return only one value! Child: 
joinConditions child must return only one value! Child: 
joinConditions child must return only one value! Child: 
joinConditions child must return only one value! Child: 
joinConditions child must return only one value! Child: 
joinConditions child must return only one value! Child: 
joinConditions child must return only one value! Child: 
joinConditions child must return only one value! Child: 
joinConditions child must return only one value! Child: 
joinConditions child must return only one value! Child: 
joinConditions child must return only one value! Child: 
joinConditions child must return only one value! Child: 
joinConditions child must return only one value! Child: 
joinConditions child must return only one value! Child: 
joinConditions child must return only one value! Child: 
joinConditions child must return only one value! Child: 
joinConditions child must return only one value! Child: 
joinConditions child must return only one value! Child: 
joinConditions child must return only one value! Child: 
joinConditions child must return only one value! Child: 
joinConditions child must return only one value! Child: 
joinConditions child must return only one value! Child: 
joinConditions child must return only one value! Child: 
joinConditions child must return only one value! Child: 
joinConditions child must return only one value! Child: 
joinConditions child must return only one value! Child: 
joinConditions child must return only one value! Child: 
joinConditions child must return only one value! Child: 
joinConditions child must return only one value! Child: 
joinConditions child must return only one value! Child: 
joinConditions child must return only one value! Child: 
joinConditions child must return only one value! Child: 
joinConditions child must return only one value! Child: 
joinConditions child must return only one value! Child: 
joinConditions child must return only one value! Child: 
joinConditions child must return only one value! Child: 
joinConditions child must return only one value! Child: 
joinConditions child must return only one value! Child: 
joinConditions child must return only one value! Child: 
joinConditions child must return only one value! Child: 
joinConditions child must return only one value! Child: 
joinConditions child must return only one value! Child: 
joinConditions child must return only one value! Child: 
joinConditions child must return only one value! Child: 
joinConditions child must return only one value! Child: 
joinConditions child must return only one value! Child: 
joinConditions child must return only one value! Child: 
joinConditions child must return only one value! Child: 
joinConditions child must return only one value! Child: 
joinConditions child must return only one value! Child: 
joinConditions child must return only one value! Child: 
joinConditions child must return only one value! Child: 
joinConditions child must return only one value! Child: 
joinConditions child must return only one value! Child: 
joinConditions child must return only one value! Child: 
joinConditions child must return only one value! Child: 
joinConditions child must return only one value! Child: 
joinConditions child must return only one value! Child: 
joinConditions child must return only one value! Child: 
joinConditions child must return only one value! Child: 
joinConditions child must return only one value! Child: 
joinConditions child must return only one value! Child: 
joinConditions child must return only one value! Child: 
joinConditions child must return only one value! Child: 
joinConditions child must return only one value! Child: 
joinConditions child must return only one value! Child: 
joinConditions child must return only one value! Child: 
joinConditions child must return only one value! Child: 
joinConditions child must return only one value! Child: 
joinConditions child must return only one value! Child: 
joinConditions child must return only one value! Child: 
joinConditions child must return only one value! Child: 
joinConditions child must return only one value! Child: 
joinConditions child must return only one value! Child: 
joinConditions child must return only one value! Child: 
joinConditions child must return only one value! Child: 
joinConditions child must return only one value! Child: 
joinConditions child must return only one value! Child: 
joinConditions child must return only one value! Child: 
joinConditions child must return only one value! Child: 
joinConditions child must return only one value! Child: 
joinConditions child must return only one value! Child: 
joinConditions child must return only one value! Child: 
joinConditions child must return only one value! Child: 
joinConditions child must return only one value! Child: 
joinConditions child must return only one value! Child: 
joinConditions child must return only one value! Child: 
joinConditions child must return only one value! Child: 
joinConditions child must return only one value! Child: 
joinConditions child must return only one value! Child: 
joinConditions child must return only one value! Child: 
joinConditions child must return only one value! Child: 
joinConditions child must return only one value! Child: 
joinConditions child must return only one value! Child: 
joinConditions child must return only one value! Child: 
joinConditions child must return only one value! Child: 
joinConditions child must return only one value! Child: 
joinConditions child must return only one value! Child: 
joinConditions child must return only one value! Child: 
joinConditions child must return only one value! Child: 
joinConditions child must return only one value! Child: 
joinConditions child must return only one value! Child: 
joinConditions child must return only one value! Child: 
joinConditions child must return only one value! Child: 
joinConditions child must return only one value! Child: 
joinConditions child must return only one value! Child: 
joinConditions child must return only one value! Child: 
joinConditions child must return only one value! Child: 
joinConditions child must return only one value! Child: 
joinConditions child must return only one value! Child: 
joinConditions child must return only one value! Child: 
joinConditions child must return only one value! Child: 
joinConditions child must return only one value! Child: 
joinConditions child must return only one value! Child: 
joinConditions child must return only one value! Child: 
joinConditions child must return only one value! Child: 
joinConditions child must return only one value! Child: 
joinConditions child must return only one value! Child: 
joinConditions child must return only one value! Child: 
joinConditions child must return only one value! Child: 
joinConditions child must return only one value! Child: 
joinConditions child must return only one value! Child: 
joinConditions child must return only one value! Child: 
joinConditions child must return only one value! Child: 
joinConditions child must return only one value! Child: 
joinConditions child must return only one value! Child: 
joinConditions child must return only one value! Child: 
joinConditions child must return only one value! Child: 
joinConditions child must return only one value! Child: 
joinConditions child must return only one value! Child: 
joinConditions child must return only one value! Child: 
joinConditions child must return only one value! Child: 
joinConditions child must return only one value! Child: 
joinConditions child must return only one value! Child: 
joinConditions child must return only one value! Child: 
joinConditions child must return only one value! Child: 
joinConditions child must return only one value! Child: 
joinConditions child must return only one value! Child: 
joinConditions child must return only one value! Child: 
joinConditions child must return only one value! Child: 
joinConditions child must return only one value! Child: 
joinConditions child must return only one value! Child: 
joinConditions child must return only one value! Child: 
joinConditions child must return only one value! Child: 
joinConditions child must return only one value! Child: 
joinConditions child must return only one value! Child: 
joinConditions child must return only one value! Child: 
joinConditions child must return only one value! Child: 
joinConditions child must return only one value! Child: 
joinConditions child must return only one value! Child: 
joinConditions child must return only one value! Child: 
joinConditions child must return only one value! Child: 
joinConditions child must return only one value! Child: 
joinConditions child must return only one value! Child: 
joinConditions child must return only one value! Child: 
joinConditions child must return only one value! Child: 
joinConditions child must return only one value! Child: 
joinConditions child must return only one value! Child: 
joinConditions child must return only one value! Child: 
joinConditions child must return only one value! Child: 
joinConditions child must return only one value! Child: 
joinConditions child must return only one value! Child: 
joinConditions child must return only one value! Child: 
joinConditions child must return only one value! Child: 
joinConditions child must return only one value! Child: 
joinConditions child must return only one value! Child: 
joinConditions child must return only one value! Child: 
joinConditions child must return only one value! Child: 
joinConditions child must return only one value! Child: 
joinConditions child must return only one value! Child: 
joinConditions child must return only one value! Child: 
joinConditions child must return only one value! Child: 
joinConditions child must return only one value! Child: 
joinConditions child must return only one value! Child: 
joinConditions child must return only one value! Child: 
joinConditions child must return only one value! Child: 
joinConditions child must return only one value! Child: 
joinConditions child must return only one value! Child: 
joinConditions child must return only one value! Child: 
joinConditions child must return only one value! Child: 
joinConditions child must return only one value! Child: 
joinConditions child must return only one value! Child: 
joinConditions child must return only one value! Child: 
joinConditions child must return only one value! Child: 
joinConditions child must return only one value! Child: 
joinConditions child must return only one value! Child: 
joinConditions child must return only one value! Child: 
joinConditions child must return only one value! Child: 
joinConditions child must return only one value! Child: 
joinConditions child must return only one value! Child: 
joinConditions child must return only one value! Child: 
joinConditions child must return only one value! Child: 
joinConditions child must return only one value! Child: 
joinConditions child must return only one value! Child: 
joinConditions child must return only one value! Child: 
joinConditions child must return only one value! Child: 
joinConditions child must return only one value! Child: 
joinConditions child must return only one value! Child: 
joinConditions child must return only one value! Child: 
joinConditions child must return only one value! Child: 
joinConditions child must return only one value! Child: 
joinConditions child must return only one value! Child: 
joinConditions child must return only one value! Child: 
joinConditions child must return only one value! Child: 
joinConditions child must return only one value! Child: 
joinConditions child must return only one value! Child: 
joinConditions child must return only one value! Child: 
joinConditions child must return only one value! Child: 
joinConditions child must return only one value! Child: 
joinConditions child must return only one value! Child: 
joinConditions child must return only one value! Child: 
joinConditions child must return only one value! Child: 
joinConditions child must return only one value! Child: 
joinConditions child must return only one value! Child: 
joinConditions child must return only one value! Child: 
joinConditions child must return only one value! Child: 
joinConditions child must return only one value! Child: 
joinConditions child must return only one value! Child: 
joinConditions child must return only one value! Child: 
joinConditions child must return only one value! Child: 
joinConditions child must return only one value! Child: 
joinConditions child must return only one value! Child: 
joinConditions child must return only one value! Child: 
joinConditions child must return only one value! Child: 
joinConditions child must return only one value! Child: 
joinConditions child must return only one value! Child: 
joinConditions child must return only one value! Child: 
joinConditions child must return only one value! Child: 
joinConditions child must return only one value! Child: 
joinConditions child must return only one value! Child: 
joinConditions child must return only one value! Child: 
joinConditions child must return only one value! Child: 
joinConditions child must return only one value! Child: 
joinConditions child must return only one value! Child: 
joinConditions child must return only one value! Child: 
joinConditions child must return only one value! Child: 
joinConditions child must return only one value! Child: 
joinConditions child must return only one value! Child: 
joinConditions child must return only one value! Child: 
joinConditions child must return only one value! Child: 
joinConditions child must return only one value! Child: 
joinConditions child must return only one value! Child: 
joinConditions child must return only one value! Child: 
joinConditions child must return only one value! Child: 
joinConditions child must return only one value! Child: 
joinConditions child must return only one value! Child: 
joinConditions child must return only one value! Child: 
joinConditions child must return only one value! Child: 
joinConditions child must return only one value! Child: 
joinConditions child must return only one value! Child: 
joinConditions child must return only one value! Child: 
joinConditions child must return only one value! Child: 
joinConditions child must return only one value! Child: 
joinConditions child must return only one value! Child: 
joinConditions child must return only one value! Child: 
joinConditions child must return only one value! Child: 
joinConditions child must return only one value! Child: 
joinConditions child must return only one value! Child: 
joinConditions child must return only one value! Child: 
joinConditions child must return only one value! Child: 
joinConditions child must return only one value! Child: 
joinConditions child must return only one value! Child: 
joinConditions child must return only one value! Child: 
joinConditions child must return only one value! Child: 
joinConditions child must return only one value! Child: 
joinConditions child must return only one value! Child: 
joinConditions child must return only one value! Child: 
joinConditions child must return only one value! Child: 
joinConditions child must return only one value! Child: 
joinConditions child must return only one value! Child: 
joinConditions child must return only one value! Child: 
joinConditions child must return only one value! Child: 
joinConditions child must return only one value! Child: 
joinConditions child must return only one value! Child: 
joinConditions child must return only one value! Child: 
joinConditions child must return only one value! Child: 
joinConditions child must return only one value! Child: 
joinConditions child must return only one value! Child: 
joinConditions child must return only one value! Child: 
joinConditions child must return only one value! Child: 
joinConditions child must return only one value! Child: 
joinConditions child must return only one value! Child: 
joinConditions child must return only one value! Child: 
joinConditions child must return only one value! Child: 
joinConditions child must return only one value! Child: 
joinConditions child must return only one value! Child: 
joinConditions child must return only one value! Child: 
joinConditions child must return only one value! Child: 
joinConditions child must return only one value! Child: 
joinConditions child must return only one value! Child: 
joinConditions child must return only one value! Child: 
joinConditions child must return only one value! Child: 
joinConditions child must return only one value! Child: 
joinConditions child must return only one value! Child: 
joinConditions child must return only one value! Child: 
joinConditions child must return only one value! Child: 
joinConditions child must return only one value! Child: 
joinConditions child must return only one value! Child: 
joinConditions child must return only one value! Child: 
joinConditions child must return only one value! Child: 
joinConditions child must return only one value! Child: 
joinConditions child must return only one value! Child: 
joinConditions child must return only one value! Child: 
joinConditions child must return only one value! Child: 
joinConditions child must return only one value! Child: 
joinConditions child must return only one value! Child: 
joinConditions child must return only one value! Child: 
joinConditions child must return only one value! Child: 
joinConditions child must return only one value! Child: 
joinConditions child must return only one value! Child: 
joinConditions child must return only one value! Child: 
joinConditions child must return only one value! Child: 
joinConditions child must return only one value! Child: 
joinConditions child must return only one value! Child: 
joinConditions child must return only one value! Child: 
joinConditions child must return only one value! Child: 
joinConditions child must return only one value! Child: 
joinConditions child must return only one value! Child: 
joinConditions child must return only one value! Child: 
joinConditions child must return only one value! Child: 
joinConditions child must return only one value! Child: 
joinConditions child must return only one value! Child: 
joinConditions child must return only one value! Child: 
joinConditions child must return only one value! Child: 
joinConditions child must return only one value! Child: 
joinConditions child must return only one value! Child: 
joinConditions child must return only one value! Child: 
joinConditions child must return only one value! Child: 
joinConditions child must return only one value! Child: 
joinConditions child must return only one value! Child: 
joinConditions child must return only one value! Child: 
joinConditions child must return only one value! Child: 
joinConditions child must return only one value! Child: 
joinConditions child must return only one value! Child: 
joinConditions child must return only one value! Child: 
joinConditions child must return only one value! Child: 
joinConditions child must return only one value! Child: 
joinConditions child must return only one value! Child: 
joinConditions child must return only one value! Child: 
joinConditions child must return only one value! Child: 
joinConditions child must return only one value! Child: 
joinConditions child must return only one value! Child: 
joinConditions child must return only one value! Child: 
joinConditions child must return only one value! Child: 
joinConditions child must return only one value! Child: 
joinConditions child must return only one value! Child: 
joinConditions child must return only one value! Child: 
joinConditions child must return only one value! Child: 
joinConditions child must return only one value! Child: 
joinConditions child must return only one value! Child: 
joinConditions child must return only one value! Child: 
joinConditions child must return only one value! Child: 
joinConditions child must return only one value! Child: 
joinConditions child must return only one value! Child: 
joinConditions child must return only one value! Child: 
joinConditions child must return only one value! Child: 
joinConditions child must return only one value! Child: 
joinConditions child must return only one value! Child: 
joinConditions child must return only one value! Child: 
joinConditions child must return only one value! Child: 
joinConditions child must return only one value! Child: 
joinConditions child must return only one value! Child: 
joinConditions child must return only one value! Child: 
joinConditions child must return only one value! Child: 
joinConditions child must return only one value! Child: 
joinConditions child must return only one value! Child: 
joinConditions child must return only one value! Child: 
joinConditions child must return only one value! Child: 
joinConditions child must return only one value! Child: 
joinConditions child must return only one value! Child: 
joinConditions child must return only one value! Child: 
joinConditions child must return only one value! Child: 
joinConditions child must return only one value! Child: 
joinConditions child must return only one value! Child: 
joinConditions child must return only one value! Child: 
joinConditions child must return only one value! Child: 
joinConditions child must return only one value! Child: 
joinConditions child must return only one value! Child: 
joinConditions child must return only one value! Child: 
joinConditions child must return only one value! Child: 
joinConditions child must return only one value! Child: 
joinConditions child must return only one value! Child: 
joinConditions child must return only one value! Child: 
joinConditions child must return only one value! Child: 
joinConditions child must return only one value! Child: 
joinConditions child must return only one value! Child: 
joinConditions child must return only one value! Child: 
joinConditions child must return only one value! Child: 
joinConditions child must return only one value! Child: 
joinConditions child must return only one value! Child: 
joinConditions child must return only one value! Child: 
joinConditions child must return only one value! Child: 
joinConditions child must return only one value! Child: 
joinConditions child must return only one value! Child: 
joinConditions child must return only one value! Child: 
joinConditions child must return only one value! Child: 
joinConditions child must return only one value! Child: 
joinConditions child must return only one value! Child: 
joinConditions child must return only one value! Child: 
joinConditions child must return only one value! Child: 
joinConditions child must return only one value! Child: 
joinConditions child must return only one value! Child: 
joinConditions child must return only one value! Child: 
joinConditions child must return only one value! Child: 
joinConditions child must return only one value! Child: 
joinConditions child must return only one value! Child: 
joinConditions child must return only one value! Child: 
joinConditions child must return only one value! Child: 
joinConditions child must return only one value! Child: 
joinConditions child must return only one value! Child: 
joinConditions child must return only one value! Child: 
joinConditions child must return only one value! Child: 
joinConditions child must return only one value! Child: 
joinConditions child must return only one value! Child: 
joinConditions child must return only one value! Child: 
joinConditions child must return only one value! Child: 
joinConditions child must return only one value! Child: 
joinConditions child must return only one value! Child: 
joinConditions child must return only one value! Child: 
joinConditions child must return only one value! Child: 
joinConditions child must return only one value! Child: 
joinConditions child must return only one value! Child: 
joinConditions child must return only one value! Child: 
joinConditions child must return only one value! Child: 
joinConditions child must return only one value! Child: 
joinConditions child must return only one value! Child: 
joinConditions child must return only one value! Child: 
joinConditions child must return only one value! Child: 
joinConditions child must return only one value! Child: 
joinConditions child must return only one value! Child: 
joinConditions child must return only one value! Child: 
joinConditions child must return only one value! Child: 
joinConditions child must return only one value! Child: 
joinConditions child must return only one value! Child: 
joinConditions child must return only one value! Child: 
joinConditions child must return only one value! Child: 
joinConditions child must return only one value! Child: 
joinConditions child must return only one value! Child: 
joinConditions child must return only one value! Child: 
joinConditions child must return only one value! Child: 
joinConditions child must return only one value! Child: 
joinConditions child must return only one value! Child: 
joinConditions child must return only one value! Child: 
joinConditions child must return only one value! Child: 
joinConditions child must return only one value! Child: 
joinConditions child must return only one value! Child: 
joinConditions child must return only one value! Child: 
joinConditions child must return only one value! Child: 
joinConditions child must return only one value! Child: 
joinConditions child must return only one value! Child: 
joinConditions child must return only one value! Child: 
joinConditions child must return only one value! Child: 
joinConditions child must return only one value! Child: 
joinConditions child must return only one value! Child: 
joinConditions child must return only one value! Child: 
joinConditions child must return only one value! Child: 
joinConditions child must return only one value! Child: 
joinConditions child must return only one value! Child: 
joinConditions child must return only one value! Child: 
joinConditions child must return only one value! Child: 
joinConditions child must return only one value! Child: 
joinConditions child must return only one value! Child: 
joinConditions child must return only one value! Child: 
joinConditions child must return only one value! Child: 
joinConditions child must return only one value! Child: 
joinConditions child must return only one value! Child: 
joinConditions child must return only one value! Child: 
joinConditions child must return only one value! Child: 
joinConditions child must return only one value! Child: 
joinConditions child must return only one value! Child: 
joinConditions child must return only one value! Child: 
joinConditions child must return only one value! Child: 
joinConditions child must return only one value! Child: 
joinConditions child must return only one value! Child: 
joinConditions child must return only one value! Child: 
joinConditions child must return only one value! Child: 
joinConditions child must return only one value! Child: 
joinConditions child must return only one value! Child: 
joinConditions child must return only one value! Child: 
joinConditions child must return only one value! Child: 
joinConditions child must return only one value! Child: 
joinConditions child must return only one value! Child: 
joinConditions child must return only one value! Child: 
joinConditions child must return only one value! Child: 
joinConditions child must return only one value! Child: 
joinConditions child must return only one value! Child: 
joinConditions child must return only one value! Child: 
joinConditions child must return only one value! Child: 
joinConditions child must return only one value! Child: 
joinConditions child must return only one value! Child: 
joinConditions child must return only one value! Child: 
joinConditions child must return only one value! Child: 
joinConditions child must return only one value! Child: 
joinConditions child must return only one value! Child: 
joinConditions child must return only one value! Child: 
joinConditions child must return only one value! Child: 
joinConditions child must return only one value! Child: 
joinConditions child must return only one value! Child: 
joinConditions child must return only one value! Child: 
joinConditions child must return only one value! Child: 
joinConditions child must return only one value! Child: 
joinConditions child must return only one value! Child: 
joinConditions child must return only one value! Child: 
joinConditions child must return only one value! Child: 
joinConditions child must return only one value! Child: 
joinConditions child must return only one value! Child: 
joinConditions child must return only one value! Child: 
joinConditions child must return only one value! Child: 
joinConditions child must return only one value! Child: 
joinConditions child must return only one value! Child: 
joinConditions child must return only one value! Child: 
joinConditions child must return only one value! Child: 
joinConditions child must return only one value! Child: 
joinConditions child must return only one value! Child: 
joinConditions child must return only one value! Child: 
joinConditions child must return only one value! Child: 
joinConditions child must return only one value! Child: 
joinConditions child must return only one value! Child: 
joinConditions child must return only one value! Child: 
joinConditions child must return only one value! Child: 
joinConditions child must return only one value! Child: 
joinConditions child must return only one value! Child: 
joinConditions child must return only one value! Child: 
joinConditions child must return only one value! Child: 
joinConditions child must return only one value! Child: 
joinConditions child must return only one value! Child: 
joinConditions child must return only one value! Child: 
joinConditions child must return only one value! Child: 
joinConditions child must return only one value! Child: 
joinConditions child must return only one value! Child: 
joinConditions child must return only one value! Child: 
joinConditions child must return only one value! Child: 
joinConditions child must return only one value! Child: 
joinConditions child must return only one value! Child: 
joinConditions child must return only one value! Child: 
joinConditions child must return only one value! Child: 
joinConditions child must return only one value! Child: 
joinConditions child must return only one value! Child: 
joinConditions child must return only one value! Child: 
joinConditions child must return only one value! Child: 
joinConditions child must return only one value! Child: 
joinConditions child must return only one value! Child: 
joinConditions child must return only one value! Child: 
joinConditions child must return only one value! Child: 
joinConditions child must return only one value! Child: 
joinConditions child must return only one value! Child: 
joinConditions child must return only one value! Child: 
joinConditions child must return only one value! Child: 
joinConditions child must return only one value! Child: 
joinConditions child must return only one value! Child: 
joinConditions child must return only one value! Child: 
joinConditions child must return only one value! Child: 
joinConditions child must return only one value! Child: 
joinConditions child must return only one value! Child: 
joinConditions child must return only one value! Child: 
joinConditions child must return only one value! Child: 
joinConditions child must return only one value! Child: 
joinConditions child must return only one value! Child: 
joinConditions child must return only one value! Child: 
joinConditions child must return only one value! Child: 
joinConditions child must return only one value! Child: 
joinConditions child must return only one value! Child: 
joinConditions child must return only one value! Child: 
joinConditions child must return only one value! Child: 
joinConditions child must return only one value! Child: 
joinConditions child must return only one value! Child: 
joinConditions child must return only one value! Child: 
joinConditions child must return only one value! Child: 
joinConditions child must return only one value! Child: 
joinConditions child must return only one value! Child: 
joinConditions child must return only one value! Child: 
joinConditions child must return only one value! Child: 
joinConditions child must return only one value! Child: 
joinConditions child must return only one value! Child: 
joinConditions child must return only one value! Child: 
joinConditions child must return only one value! Child: 
joinConditions child must return only one value! Child: 
joinConditions child must return only one value! Child: 
joinConditions child must return only one value! Child: 
joinConditions child must return only one value! Child: 
joinConditions child must return only one value! Child: 
joinConditions child must return only one value! Child: 
joinConditions child must return only one value! Child: 
joinConditions child must return only one value! Child: 
joinConditions child must return only one value! Child: 
joinConditions child must return only one value! Child: 
joinConditions child must return only one value! Child: 
joinConditions child must return only one value! Child: 
joinConditions child must return only one value! Child: 
joinConditions child must return only one value! Child: 
joinConditions child must return only one value! Child: 
joinConditions child must return only one value! Child: 
joinConditions child must return only one value! Child: 
joinConditions child must return only one value! Child: 
joinConditions child must return only one value! Child: 
joinConditions child must return only one value! Child: 
joinConditions child must return only one value! Child: 
joinConditions child must return only one value! Child: 
joinConditions child must return only one value! Child: 
joinConditions child must return only one value! Child: 
joinConditions child must return only one value! Child: 
joinConditions child must return only one value! Child: 
joinConditions child must return only one value! Child: 
joinConditions child must return only one value! Child: 
joinConditions child must return only one value! Child: 
joinConditions child must return only one value! Child: 
joinConditions child must return only one value! Child: 
joinConditions child must return only one value! Child: 
joinConditions child must return only one value! Child: 
joinConditions child must return only one value! Child: 
joinConditions child must return only one value! Child: 
joinConditions child must return only one value! Child: 
joinConditions child must return only one value! Child: 
joinConditions child must return only one value! Child: 
joinConditions child must return only one value! Child: 
joinConditions child must return only one value! Child: 
joinConditions child must return only one value! Child: 
joinConditions child must return only one value! Child: 
joinConditions child must return only one value! Child: 
joinConditions child must return only one value! Child: 
joinConditions child must return only one value! Child: 
joinConditions child must return only one value! Child: 
joinConditions child must return only one value! Child: 
joinConditions child must return only one value! Child: 
joinConditions child must return only one value! Child: 
joinConditions child must return only one value! Child: 
joinConditions child must return only one value! Child: 
joinConditions child must return only one value! Child: 
joinConditions child must return only one value! Child: 
joinConditions child must return only one value! Child: 
joinConditions child must return only one value! Child: 
joinConditions child must return only one value! Child: 
joinConditions child must return only one value! Child: 
joinConditions child must return only one value! Child: 
joinConditions child must return only one value! Child: 
joinConditions child must return only one value! Child: 
joinConditions child must return only one value! Child: 
joinConditions child must return only one value! Child: 
joinConditions child must return only one value! Child: 
joinConditions child must return only one value! Child: 
joinConditions child must return only one value! Child: 
joinConditions child must return only one value! Child: 
joinConditions child must return only one value! Child: 
joinConditions child must return only one value! Child: 
joinConditions child must return only one value! Child: 
joinConditions child must return only one value! Child: 
joinConditions child must return only one value! Child: 
joinConditions child must return only one value! Child: 
joinConditions child must return only one value! Child: 
joinConditions child must return only one value! Child: 
joinConditions child must return only one value! Child: 
joinConditions child must return only one value! Child: 
joinConditions child must return only one value! Child: 
joinConditions child must return only one value! Child: 
joinConditions child must return only one value! Child: 
joinConditions child must return only one value! Child: 
joinConditions child must return only one value! Child: 
joinConditions child must return only one value! Child: 
joinConditions child must return only one value! Child: 
joinConditions child must return only one value! Child: 
joinConditions child must return only one value! Child: 
joinConditions child must return only one value! Child: 
joinConditions child must return only one value! Child: 
joinConditions child must return only one value! Child: 
joinConditions child must return only one value! Child: 
joinConditions child must return only one value! Child: 
joinConditions child must return only one value! Child: 
joinConditions child must return only one value! Child: 
joinConditions child must return only one value! Child: 
joinConditions child must return only one value! Child: 
joinConditions child must return only one value! Child: 
joinConditions child must return only one value! Child: 
joinConditions child must return only one value! Child: 
joinConditions child must return only one value! Child: 
joinConditions child must return only one value! Child: 
joinConditions child must return only one value! Child: 
joinConditions child must return only one value! Child: 
joinConditions child must return only one value! Child: 
joinConditions child must return only one value! Child: 
joinConditions child must return only one value! Child: 
joinConditions child must return only one value! Child: 
joinConditions child must return only one value! Child: 
joinConditions child must return only one value! Child: 
joinConditions child must return only one value! Child: 
joinConditions child must return only one value! Child: 
joinConditions child must return only one value! Child: 
joinConditions child must return only one value! Child: 
joinConditions child must return only one value! Child: 
joinConditions child must return only one value! Child: 
joinConditions child must return only one value! Child: 
joinConditions child must return only one value! Child: 
joinConditions child must return only one value! Child: 
joinConditions child must return only one value! Child: 
joinConditions child must return only one value! Child: 
joinConditions child must return only one value! Child: 
joinConditions child must return only one value! Child: 
joinConditions child must return only one value! Child: 
joinConditions child must return only one value! Child: 
joinConditions child must return only one value! Child: 
joinConditions child must return only one value! Child: 
joinConditions child must return only one value! Child: 
joinConditions child must return only one value! Child: 
joinConditions child must return only one value! Child: 
joinConditions child must return only one value! Child: 
joinConditions child must return only one value! Child: 
joinConditions child must return only one value! Child: 
joinConditions child must return only one value! Child: 
joinConditions child must return only one value! Child: 
joinConditions child must return only one value! Child: 
joinConditions child must return only one value! Child: 
joinConditions child must return only one value! Child: 
joinConditions child must return only one value! Child: 
joinConditions child must return only one value! Child: 
joinConditions child must return only one value! Child: 
joinConditions child must return only one value! Child: 
joinConditions child must return only one value! Child: 
joinConditions child must return only one value! Child: 
joinConditions child must return only one value! Child: 
joinConditions child must return only one value! Child: 
joinConditions child must return only one value! Child: 
joinConditions child must return only one value! Child: 
joinConditions child must return only one value! Child: 
joinConditions child must return only one value! Child: 
joinConditions child must return only one value! Child: 
joinConditions child must return only one value! Child: 
joinConditions child must return only one value! Child: 
joinConditions child must return only one value! Child: 
joinConditions child must return only one value! Child: 
joinConditions child must return only one value! Child: 
joinConditions child must return only one value! Child: 
joinConditions child must return only one value! Child: 
joinConditions child must return only one value! Child: 
joinConditions child must return only one value! Child: 
joinConditions child must return only one value! Child: 
joinConditions child must return only one value! Child: 
joinConditions child must return only one value! Child: 
joinConditions child must return only one value! Child: 
joinConditions child must return only one value! Child: 
joinConditions child must return only one value! Child: 
joinConditions child must return only one value! Child: 
joinConditions child must return only one value! Child: 
joinConditions child must return only one value! Child: 
joinConditions child must return only one value! Child: 
joinConditions child must return only one value! Child: 
joinConditions child must return only one value! Child: 
joinConditions child must return only one value! Child: 
joinConditions child must return only one value! Child: 
joinConditions child must return only one value! Child: 
joinConditions child must return only one value! Child: 
joinConditions child must return only one value! Child: 
joinConditions child must return only one value! Child: 
joinConditions child must return only one value! Child: 
joinConditions child must return only one value! Child: 
joinConditions child must return only one value! Child: 
joinConditions child must return only one value! Child: 
joinConditions child must return only one value! Child: 
joinConditions child must return only one value! Child: 
joinConditions child must return only one value! Child: 
joinConditions child must return only one value! Child: 
joinConditions child must return only one value! Child: 
joinConditions child must return only one value! Child: 
joinConditions child must return only one value! Child: 
joinConditions child must return only one value! Child: 
joinConditions child must return only one value! Child: 
joinConditions child must return only one value! Child: 
joinConditions child must return only one value! Child: 
joinConditions child must return only one value! Child: 
joinConditions child must return only one value! Child: 
joinConditions child must return only one value! Child: 
joinConditions child must return only one value! Child: 
joinConditions child must return only one value! Child: 
joinConditions child must return only one value! Child: 
joinConditions child must return only one value! Child: 
joinConditions child must return only one value! Child: 
joinConditions child must return only one value! Child: 
joinConditions child must return only one value! Child: 
joinConditions child must return only one value! Child: 
joinConditions child must return only one value! Child: 
joinConditions child must return only one value! Child: 
joinConditions child must return only one value! Child: 
joinConditions child must return only one value! Child: 
joinConditions child must return only one value! Child: 
joinConditions child must return only one value! Child: 
joinConditions child must return only one value! Child: 
joinConditions child must return only one value! Child: 
joinConditions child must return only one value! Child: 
joinConditions child must return only one value! Child: 
joinConditions child must return only one value! Child: 
joinConditions child must return only one value! Child: 
joinConditions child must return only one value! Child: 
joinConditions child must return only one value! Child: 
joinConditions child must return only one value! Child: 
FINISHED

<--- Last few GCs --->

[5440:0x17d29b0]   141745 ms: Scavenge 1378.3 (1418.4) -> 1378.2 (1419.4) MB, 3.8 / 0.0 ms  (average mu = 0.082, current mu = 0.020) allocation failure 
[5440:0x17d29b0]   141750 ms: Scavenge 1378.9 (1419.4) -> 1378.7 (1420.4) MB, 4.0 / 0.0 ms  (average mu = 0.082, current mu = 0.020) allocation failure 
[5440:0x17d29b0]   141755 ms: Scavenge 1379.6 (1420.4) -> 1379.4 (1421.9) MB, 4.0 / 0.0 ms  (average mu = 0.082, current mu = 0.020) allocation failure 


<--- JS stacktrace --->

==== JS stack trace =========================================

    0: ExitFrame [pc: 0x163c4f4d452b]
    1: StubFrame [pc: 0x163c4f4d56f3]
Security context: 0x3bc1c62aee11 <JSObject>
    2: serialize [0x1e719c209d21] [/home/fborrero/node_modules/rdf-canonize/lib/NQuads.js:~185] [pc=0x163c4f64a7e1](this=0x08ef26f8e211 <JSFunction NQuads (sfi = 0x3d1172dc0449)>,dataset=0x3a9a94b501d1 <JSArray[1149762]>)
    3: /* anonymous */ [0x3d1172ddff99] [/home/fborrero/node_modules/jsonld/lib/jsonld.js:685] [byte...

FATAL ERROR: Ineffective mark-compacts near heap limit Allocation failed - JavaScript heap out of memory
 1: 0x7ff3e39ce46c node::Abort() [/lib/x86_64-linux-gnu/libnode.so.64]
 2: 0x7ff3e39ce4b5  [/lib/x86_64-linux-gnu/libnode.so.64]
 3: 0x7ff3e3bfae6a v8::Utils::ReportOOMFailure(v8::internal::Isolate*, char const*, bool) [/lib/x86_64-linux-gnu/libnode.so.64]
 4: 0x7ff3e3bfb0e1 v8::internal::V8::FatalProcessOutOfMemory(v8::internal::Isolate*, char const*, bool) [/lib/x86_64-linux-gnu/libnode.so.64]
 5: 0x7ff3e3f95c66  [/lib/x86_64-linux-gnu/libnode.so.64]
 6: 0x7ff3e3fa7043 v8::internal::Heap::PerformGarbageCollection(v8::internal::GarbageCollector, v8::GCCallbackFlags) [/lib/x86_64-linux-gnu/libnode.so.64]
 7: 0x7ff3e3fa7930 v8::internal::Heap::CollectGarbage(v8::internal::AllocationSpace, v8::internal::GarbageCollectionReason, v8::GCCallbackFlags) [/lib/x86_64-linux-gnu/libnode.so.64]
 8: 0x7ff3e3fa991d v8::internal::Heap::AllocateRawWithLigthRetry(int, v8::internal::AllocationSpace, v8::internal::AllocationAlignment) [/lib/x86_64-linux-gnu/libnode.so.64]
 9: 0x7ff3e3fa9975 v8::internal::Heap::AllocateRawWithRetryOrFail(int, v8::internal::AllocationSpace, v8::internal::AllocationAlignment) [/lib/x86_64-linux-gnu/libnode.so.64]
10: 0x7ff3e3f75dda v8::internal::Factory::NewFillerObject(int, bool, v8::internal::AllocationSpace) [/lib/x86_64-linux-gnu/libnode.so.64]
11: 0x7ff3e420131e v8::internal::Runtime_AllocateInNewSpace(int, v8::internal::Object**, v8::internal::Isolate*) [/lib/x86_64-linux-gnu/libnode.so.64]
12: 0x163c4f4d452b 
Aborted (core dumped)
Killed
